#
# There is insufficient memory for the Java Runtime Environment to continue.
# Native memory allocation (mmap) failed to map 266338304 bytes for G1 virtual space
# Possible reasons:
#   The system is out of physical RAM or swap space
#   The process is running with CompressedOops enabled, and the Java Heap may be blocking the growth of the native heap
# Possible solutions:
#   Reduce memory load on the system
#   Increase physical memory or swap space
#   Check if swap backing store is full
#   Decrease Java heap size (-Xmx/-Xms)
#   Decrease number of Java threads
#   Decrease Java thread stack sizes (-Xss)
#   Set larger code cache with -XX:ReservedCodeCacheSize=
#   JVM is running with Zero Based Compressed Oops mode in which the Java heap is
#     placed in the first 32GB address space. The Java Heap base address is the
#     maximum limit for the native heap growth. Please use -XX:HeapBaseMinAddress
#     to set the Java Heap base and to place the Java Heap above 32GB virtual address.
# This output file may be truncated or incomplete.
#
#  Out of Memory Error (os_windows.cpp:3532), pid=18912, tid=7164
#
# JRE version:  (17.0.2+8) (build )
# Java VM: Java HotSpot(TM) 64-Bit Server VM (17.0.2+8-LTS-86, mixed mode, sharing, tiered, compressed oops, compressed class ptrs, g1 gc, windows-amd64)
# No core dump will be written. Minidumps are not enabled by default on client versions of Windows
#

---------------  S U M M A R Y ------------

Command Line: 

Host: Intel(R) Core(TM) i7-8565U CPU @ 1.80GHz, 8 cores, 15G,  Windows 11 , 64 bit Build 22000 (10.0.22000.613)
Time: Wed Apr 20 15:31:23 2022 Bangladesh Standard Time elapsed time: 0.008172 seconds (0d 0h 0m 0s)

---------------  T H R E A D  ---------------

Current thread (0x0000024d5a409eb0):  JavaThread "Unknown thread" [_thread_in_vm, id=7164, stack(0x00000062afc00000,0x00000062afd00000)]

Stack: [0x00000062afc00000,0x00000062afd00000]
Native frames: (J=compiled Java code, j=interpreted, Vv=VM code, C=native code)
V  [jvm.dll+0x670baa]
V  [jvm.dll+0x7cfcb4]
V  [jvm.dll+0x7d145e]
V  [jvm.dll+0x7d1ac3]
V  [jvm.dll+0x242bc5]
V  [jvm.dll+0x66dac9]
V  [jvm.dll+0x662412]
V  [jvm.dll+0x300c0b]
V  [jvm.dll+0x3081a6]
V  [jvm.dll+0x357d0e]
V  [jvm.dll+0x357f3f]
V  [jvm.dll+0x2d7ec8]
V  [jvm.dll+0x2d8e34]
V  [jvm.dll+0x7a18c1]
V  [jvm.dll+0x365a91]
V  [jvm.dll+0x780d2c]
V  [jvm.dll+0x3e845f]
V  [jvm.dll+0x3e9f01]
C  [jli.dll+0x527b]
C  [ucrtbase.dll+0x26c0c]
C  [KERNEL32.DLL+0x154e0]
C  [ntdll.dll+0x485b]


---------------  P R O C E S S  ---------------

Threads class SMR info:
_java_thread_list=0x00007ffe7d119858, length=0, elements={
}

Java Threads: ( => current thread )

Other Threads:
  0x0000024d5a45ad50 GCTaskThread "GC Thread#0" [stack: 0x00000062afd00000,0x00000062afe00000] [id=21332]
  0x0000024d5a46b9a0 ConcurrentGCThread "G1 Main Marker" [stack: 0x00000062afe00000,0x00000062aff00000] [id=4896]
  0x0000024d5a46c3b0 ConcurrentGCThread "G1 Conc#0" [stack: 0x00000062aff00000,0x00000062b0000000] [id=21336]

[error occurred during error reporting (printing all threads), id 0xc0000005, EXCEPTION_ACCESS_VIOLATION (0xc0000005) at pc=0x00007ffe7c9688a7]

VM state: not at safepoint (not fully initialized)

VM Mutex/Monitor currently owned by a thread:  ([mutex/lock_event])
[0x0000024d5a4052b0] Heap_lock - owner thread: 0x0000024d5a409eb0

Heap address: 0x0000000702e00000, size: 4050 MB, Compressed Oops mode: Zero based, Oop shift amount: 3

CDS archive(s) mapped at: [0x0000000000000000-0x0000000000000000-0x0000000000000000), size 0, SharedBaseAddress: 0x0000000800000000, ArchiveRelocationMode: 0.
Narrow klass base: 0x0000000000000000, Narrow klass shift: 0, Narrow klass range: 0x0

GC Precious Log:
<Empty>

Heap:
 garbage-first heap   total 0K, used 0K [0x0000000702e00000, 0x0000000800000000)
  region size 2048K, 0 young (0K), 0 survivors (0K)

[error occurred during error reporting (printing heap information), id 0xc0000005, EXCEPTION_ACCESS_VIOLATION (0xc0000005) at pc=0x00007ffe7cd49f19]

GC Heap History (0 events):
No events

Deoptimization events (0 events):
No events

Classes unloaded (0 events):
No events

Classes redefined (0 events):
No events

Internal exceptions (0 events):
No events

VM Operations (0 events):
No events

Events (1 events):
Event: 0.005 Loaded shared library C:\Program Files\Java\jdk-17.0.2\bin\java.dll


Dynamic libraries:
0x00007ff7cabc0000 - 0x00007ff7cabd0000 	C:\Program Files\Java\jdk-17.0.2\bin\java.exe
0x00007ffecb9a0000 - 0x00007ffecbba9000 	C:\WINDOWS\SYSTEM32\ntdll.dll
0x00007ffeca0d0000 - 0x00007ffeca18d000 	C:\WINDOWS\System32\KERNEL32.DLL
0x00007ffec93a0000 - 0x00007ffec9714000 	C:\WINDOWS\System32\KERNELBASE.dll
0x00007ffec9090000 - 0x00007ffec91a1000 	C:\WINDOWS\System32\ucrtbase.dll
0x00007ffebe3c0000 - 0x00007ffebe3d8000 	C:\Program Files\Java\jdk-17.0.2\bin\jli.dll
0x00007ffebe3a0000 - 0x00007ffebe3ba000 	C:\Program Files\Java\jdk-17.0.2\bin\VCRUNTIME140.dll
0x00007ffecb430000 - 0x00007ffecb4de000 	C:\WINDOWS\System32\ADVAPI32.dll
0x00007ffec9e20000 - 0x00007ffec9ec3000 	C:\WINDOWS\System32\msvcrt.dll
0x00007ffeca990000 - 0x00007ffecaa2e000 	C:\WINDOWS\System32\sechost.dll
0x00007ffec98d0000 - 0x00007ffec99f0000 	C:\WINDOWS\System32\RPCRT4.dll
0x00007ffeca640000 - 0x00007ffeca7ec000 	C:\WINDOWS\System32\USER32.dll
0x00007ffec9060000 - 0x00007ffec9086000 	C:\WINDOWS\System32\win32u.dll
0x00007ffead590000 - 0x00007ffead835000 	C:\WINDOWS\WinSxS\amd64_microsoft.windows.common-controls_6595b64144ccf1df_6.0.22000.120_none_9d947278b86cc467\COMCTL32.dll
0x00007ffecb3f0000 - 0x00007ffecb419000 	C:\WINDOWS\System32\GDI32.dll
0x00007ffec9720000 - 0x00007ffec9832000 	C:\WINDOWS\System32\gdi32full.dll
0x00007ffec8fc0000 - 0x00007ffec905d000 	C:\WINDOWS\System32\msvcp_win.dll
0x00007ffeb2d10000 - 0x00007ffeb2d1a000 	C:\WINDOWS\SYSTEM32\VERSION.dll
0x00007ffeca190000 - 0x00007ffeca1c1000 	C:\WINDOWS\System32\IMM32.DLL
0x00007ffea6b50000 - 0x00007ffea6b5c000 	C:\Program Files\Java\jdk-17.0.2\bin\vcruntime140_1.dll
0x00007ffe93f00000 - 0x00007ffe93f8d000 	C:\Program Files\Java\jdk-17.0.2\bin\msvcp140.dll
0x00007ffe7c680000 - 0x00007ffe7d241000 	C:\Program Files\Java\jdk-17.0.2\bin\server\jvm.dll
0x00007ffec98c0000 - 0x00007ffec98c8000 	C:\WINDOWS\System32\PSAPI.DLL
0x00007ffec58f0000 - 0x00007ffec58f9000 	C:\WINDOWS\SYSTEM32\WSOCK32.dll
0x00007ffec6a00000 - 0x00007ffec6a33000 	C:\WINDOWS\SYSTEM32\WINMM.dll
0x00007ffecb4e0000 - 0x00007ffecb54f000 	C:\WINDOWS\System32\WS2_32.dll
0x00007ffec7f90000 - 0x00007ffec7fa8000 	C:\WINDOWS\SYSTEM32\kernel.appcore.dll
0x00007ffea6b40000 - 0x00007ffea6b4a000 	C:\Program Files\Java\jdk-17.0.2\bin\jimage.dll
0x00007ffec6790000 - 0x00007ffec69b1000 	C:\WINDOWS\SYSTEM32\DBGHELP.DLL
0x00007ffec69c0000 - 0x00007ffec69f1000 	C:\WINDOWS\SYSTEM32\dbgcore.DLL
0x00007ffec91b0000 - 0x00007ffec922f000 	C:\WINDOWS\System32\bcryptPrimitives.dll
0x00007ffea6b10000 - 0x00007ffea6b35000 	C:\Program Files\Java\jdk-17.0.2\bin\java.dll

dbghelp: loaded successfully - version: 4.0.5 - missing functions: none
symbol engine: initialized successfully - sym options: 0x614 - pdb path: .;C:\Program Files\Java\jdk-17.0.2\bin;C:\WINDOWS\SYSTEM32;C:\WINDOWS\WinSxS\amd64_microsoft.windows.common-controls_6595b64144ccf1df_6.0.22000.120_none_9d947278b86cc467;C:\Program Files\Java\jdk-17.0.2\bin\server

VM Arguments:
java_command: <unknown>
java_class_path (initial): <not set>
Launcher Type: SUN_STANDARD

[Global flags]
     intx CICompilerCount                          = 4                                         {product} {ergonomic}
     uint ConcGCThreads                            = 2                                         {product} {ergonomic}
     uint G1ConcRefinementThreads                  = 8                                         {product} {ergonomic}
   size_t G1HeapRegionSize                         = 2097152                                   {product} {ergonomic}
    uintx GCDrainStackTargetSize                   = 64                                        {product} {ergonomic}
   size_t InitialHeapSize                          = 266338304                                 {product} {ergonomic}
   size_t MarkStackSize                            = 4194304                                   {product} {ergonomic}
   size_t MaxHeapSize                              = 4246732800                                {product} {ergonomic}
   size_t MinHeapDeltaBytes                        = 2097152                                   {product} {ergonomic}
   size_t MinHeapSize                              = 8388608                                   {product} {ergonomic}
    uintx NonNMethodCodeHeapSize                   = 5839372                                {pd product} {ergonomic}
    uintx NonProfiledCodeHeapSize                  = 122909434                              {pd product} {ergonomic}
    uintx ProfiledCodeHeapSize                     = 122909434                              {pd product} {ergonomic}
    uintx ReservedCodeCacheSize                    = 251658240                              {pd product} {ergonomic}
     bool SegmentedCodeCache                       = true                                      {product} {ergonomic}
   size_t SoftMaxHeapSize                          = 4246732800                             {manageable} {ergonomic}
     bool UseCompressedClassPointers               = true                           {product lp64_product} {ergonomic}
     bool UseCompressedOops                        = true                           {product lp64_product} {ergonomic}
     bool UseG1GC                                  = true                                      {product} {ergonomic}
     bool UseLargePagesIndividualAllocation        = false                                  {pd product} {ergonomic}

Logging:
Log output configuration:
 #0: stdout all=warning uptime,level,tags
 #1: stderr all=off uptime,level,tags

Environment Variables:
PATH=C:\Program Files\Common Files\Oracle\Java\javapath;C:\WINDOWS\system32;C:\WINDOWS;C:\WINDOWS\System32\Wbem;C:\WINDOWS\System32\WindowsPowerShell\v1.0\;C:\WINDOWS\System32\OpenSSH\;C:\Program Files\Java\jdk-17.0.2\bin;E:\flutter\bin;C:\Program Files\Microsoft VS Code\bin;C:\xampp\php;C:\xampp;C:\Program Files\Git\cmd;C:\Program Files\Java\jdk-12\bin;C:\Users\mushf\AppData\Local\Microsoft\WindowsApps;D:\flutter\bin;C:\xampp\php;C:\xampp;C:\Program Files\Java\jdk-12\bin;
USERNAME=mushf
OS=Windows_NT
PROCESSOR_IDENTIFIER=Intel64 Family 6 Model 142 Stepping 12, GenuineIntel



---------------  S Y S T E M  ---------------

OS:
 Windows 11 , 64 bit Build 22000 (10.0.22000.613)
OS uptime: 0 days 13:39 hours

CPU: total 8 (initial active 8) (4 cores per cpu, 2 threads per core) family 6 model 142 stepping 12 microcode 0xec, cx8, cmov, fxsr, ht, mmx, 3dnowpref, sse, sse2, sse3, ssse3, sse4.1, sse4.2, popcnt, lzcnt, tsc, tscinvbit, avx, avx2, aes, erms, clmul, bmi1, bmi2, adx, fma, vzeroupper, clflush, clflushopt

Memory: 4k page, system-wide physical 16198M (171M free)
TotalPageFile size 38574M (AvailPageFile size 95M)
current process WorkingSet (physical memory assigned to process): 10M, peak: 10M
current process commit charge ("private bytes"): 60M, peak: 314M

vm_info: Java HotSpot(TM) 64-Bit Server VM (17.0.2+8-LTS-86) for windows-amd64 JRE (17.0.2+8-LTS-86), built on Dec  7 2021 21:51:03 by "mach5one" with MS VC++ 16.8 / 16.9 (VS2019)

END.
